{"/Users/iron/codes/mobx-ajax-util/dist/index.js": {"path":"/Users/iron/codes/mobx-ajax-util/dist/index.js","statementMap":{"0":{"start":{"line":3,"column":0},"end":{"line":3,"column":62}},"1":{"start":{"line":5,"column":11},"end":{"line":5,"column":26}},"2":{"start":{"line":23,"column":12},"end":{"line":23,"column":28}},"3":{"start":{"line":23,"column":34},"end":{"line":23,"column":125}},"4":{"start":{"line":24,"column":4},"end":{"line":25,"column":150}},"5":{"start":{"line":24,"column":79},"end":{"line":24,"column":131}},"6":{"start":{"line":25,"column":9},"end":{"line":25,"column":150}},"7":{"start":{"line":25,"column":22},"end":{"line":25,"column":43}},"8":{"start":{"line":25,"column":58},"end":{"line":25,"column":150}},"9":{"start":{"line":25,"column":81},"end":{"line":25,"column":150}},"10":{"start":{"line":26,"column":4},"end":{"line":26,"column":66}},"11":{"start":{"line":30,"column":4},"end":{"line":102,"column":6}},"12":{"start":{"line":31,"column":18},"end":{"line":31,"column":24}},"13":{"start":{"line":31,"column":31},"end":{"line":31,"column":40}},"14":{"start":{"line":31,"column":51},"end":{"line":31,"column":77}},"15":{"start":{"line":31,"column":91},"end":{"line":31,"column":103}},"16":{"start":{"line":32,"column":8},"end":{"line":101,"column":10}},"17":{"start":{"line":33,"column":33},"end":{"line":97,"column":15}},"18":{"start":{"line":35,"column":20},"end":{"line":35,"column":40}},"19":{"start":{"line":36,"column":20},"end":{"line":36,"column":41}},"20":{"start":{"line":37,"column":20},"end":{"line":37,"column":37}},"21":{"start":{"line":38,"column":20},"end":{"line":38,"column":38}},"22":{"start":{"line":40,"column":16},"end":{"line":69,"column":18}},"23":{"start":{"line":41,"column":32},"end":{"line":41,"column":36}},"24":{"start":{"line":42,"column":20},"end":{"line":42,"column":40}},"25":{"start":{"line":43,"column":20},"end":{"line":68,"column":23}},"26":{"start":{"line":51,"column":24},"end":{"line":55,"column":27}},"27":{"start":{"line":52,"column":28},"end":{"line":52,"column":46}},"28":{"start":{"line":53,"column":28},"end":{"line":53,"column":50}},"29":{"start":{"line":54,"column":28},"end":{"line":54,"column":47}},"30":{"start":{"line":56,"column":24},"end":{"line":56,"column":36}},"31":{"start":{"line":59,"column":24},"end":{"line":61,"column":27}},"32":{"start":{"line":60,"column":28},"end":{"line":60,"column":44}},"33":{"start":{"line":62,"column":24},"end":{"line":62,"column":32}},"34":{"start":{"line":65,"column":24},"end":{"line":67,"column":27}},"35":{"start":{"line":66,"column":28},"end":{"line":66,"column":50}},"36":{"start":{"line":70,"column":16},"end":{"line":77,"column":18}},"37":{"start":{"line":71,"column":32},"end":{"line":71,"column":36}},"38":{"start":{"line":72,"column":20},"end":{"line":76,"column":23}},"39":{"start":{"line":73,"column":24},"end":{"line":73,"column":45}},"40":{"start":{"line":74,"column":24},"end":{"line":74,"column":46}},"41":{"start":{"line":75,"column":24},"end":{"line":75,"column":42}},"42":{"start":{"line":78,"column":16},"end":{"line":80,"column":63}},"43":{"start":{"line":81,"column":16},"end":{"line":83,"column":63}},"44":{"start":{"line":84,"column":16},"end":{"line":86,"column":60}},"45":{"start":{"line":87,"column":16},"end":{"line":89,"column":61}},"46":{"start":{"line":90,"column":16},"end":{"line":92,"column":59}},"47":{"start":{"line":93,"column":16},"end":{"line":95,"column":59}},"48":{"start":{"line":96,"column":16},"end":{"line":96,"column":37}},"49":{"start":{"line":98,"column":27},"end":{"line":98,"column":46}},"50":{"start":{"line":99,"column":12},"end":{"line":99,"column":36}},"51":{"start":{"line":100,"column":12},"end":{"line":100,"column":28}},"52":{"start":{"line":105,"column":0},"end":{"line":105,"column":56}}},"fnMap":{"0":{"name":"__decorate","decl":{"start":{"line":22,"column":9},"end":{"line":22,"column":19}},"loc":{"start":{"line":22,"column":51},"end":{"line":27,"column":1}},"line":22},"1":{"name":"createRequestDecorator","decl":{"start":{"line":29,"column":9},"end":{"line":29,"column":31}},"loc":{"start":{"line":29,"column":42},"end":{"line":103,"column":1}},"line":29},"2":{"name":"asRequest","decl":{"start":{"line":30,"column":20},"end":{"line":30,"column":29}},"loc":{"start":{"line":30,"column":34},"end":{"line":102,"column":5}},"line":30},"3":{"name":"wrap","decl":{"start":{"line":32,"column":24},"end":{"line":32,"column":28}},"loc":{"start":{"line":32,"column":43},"end":{"line":101,"column":9}},"line":32},"4":{"name":"(anonymous_4)","decl":{"start":{"line":33,"column":33},"end":{"line":33,"column":34}},"loc":{"start":{"line":33,"column":45},"end":{"line":97,"column":13}},"line":33},"5":{"name":"AjaxStoreImpl","decl":{"start":{"line":34,"column":25},"end":{"line":34,"column":38}},"loc":{"start":{"line":34,"column":41},"end":{"line":39,"column":17}},"line":34},"6":{"name":"(anonymous_6)","decl":{"start":{"line":40,"column":48},"end":{"line":40,"column":49}},"loc":{"start":{"line":40,"column":66},"end":{"line":69,"column":17}},"line":40},"7":{"name":"(anonymous_7)","decl":{"start":{"line":50,"column":30},"end":{"line":50,"column":31}},"loc":{"start":{"line":50,"column":46},"end":{"line":57,"column":21}},"line":50},"8":{"name":"(anonymous_8)","decl":{"start":{"line":51,"column":41},"end":{"line":51,"column":42}},"loc":{"start":{"line":51,"column":53},"end":{"line":55,"column":25}},"line":51},"9":{"name":"(anonymous_9)","decl":{"start":{"line":58,"column":31},"end":{"line":58,"column":32}},"loc":{"start":{"line":58,"column":44},"end":{"line":63,"column":21}},"line":58},"10":{"name":"(anonymous_10)","decl":{"start":{"line":59,"column":41},"end":{"line":59,"column":42}},"loc":{"start":{"line":59,"column":53},"end":{"line":61,"column":25}},"line":59},"11":{"name":"(anonymous_11)","decl":{"start":{"line":64,"column":33},"end":{"line":64,"column":34}},"loc":{"start":{"line":64,"column":45},"end":{"line":68,"column":21}},"line":64},"12":{"name":"(anonymous_12)","decl":{"start":{"line":65,"column":41},"end":{"line":65,"column":42}},"loc":{"start":{"line":65,"column":53},"end":{"line":67,"column":25}},"line":65},"13":{"name":"(anonymous_13)","decl":{"start":{"line":70,"column":48},"end":{"line":70,"column":49}},"loc":{"start":{"line":70,"column":60},"end":{"line":77,"column":17}},"line":70},"14":{"name":"(anonymous_14)","decl":{"start":{"line":72,"column":37},"end":{"line":72,"column":38}},"loc":{"start":{"line":72,"column":49},"end":{"line":76,"column":21}},"line":72}},"branchMap":{"0":{"loc":{"start":{"line":23,"column":34},"end":{"line":23,"column":125}},"type":"cond-expr","locations":[{"start":{"line":23,"column":42},"end":{"line":23,"column":48}},{"start":{"line":23,"column":51},"end":{"line":23,"column":125}}],"line":23},"1":{"loc":{"start":{"line":23,"column":51},"end":{"line":23,"column":125}},"type":"cond-expr","locations":[{"start":{"line":23,"column":67},"end":{"line":23,"column":118}},{"start":{"line":23,"column":121},"end":{"line":23,"column":125}}],"line":23},"2":{"loc":{"start":{"line":24,"column":4},"end":{"line":25,"column":150}},"type":"if","locations":[{"start":{"line":24,"column":4},"end":{"line":25,"column":150}},{"start":{"line":24,"column":4},"end":{"line":25,"column":150}}],"line":24},"3":{"loc":{"start":{"line":24,"column":8},"end":{"line":24,"column":77}},"type":"binary-expr","locations":[{"start":{"line":24,"column":8},"end":{"line":24,"column":35}},{"start":{"line":24,"column":39},"end":{"line":24,"column":77}}],"line":24},"4":{"loc":{"start":{"line":25,"column":58},"end":{"line":25,"column":150}},"type":"if","locations":[{"start":{"line":25,"column":58},"end":{"line":25,"column":150}},{"start":{"line":25,"column":58},"end":{"line":25,"column":150}}],"line":25},"5":{"loc":{"start":{"line":25,"column":85},"end":{"line":25,"column":149}},"type":"binary-expr","locations":[{"start":{"line":25,"column":86},"end":{"line":25,"column":143}},{"start":{"line":25,"column":148},"end":{"line":25,"column":149}}],"line":25},"6":{"loc":{"start":{"line":25,"column":86},"end":{"line":25,"column":143}},"type":"cond-expr","locations":[{"start":{"line":25,"column":94},"end":{"line":25,"column":98}},{"start":{"line":25,"column":101},"end":{"line":25,"column":143}}],"line":25},"7":{"loc":{"start":{"line":25,"column":101},"end":{"line":25,"column":143}},"type":"cond-expr","locations":[{"start":{"line":25,"column":109},"end":{"line":25,"column":126}},{"start":{"line":25,"column":129},"end":{"line":25,"column":143}}],"line":25},"8":{"loc":{"start":{"line":26,"column":11},"end":{"line":26,"column":62}},"type":"binary-expr","locations":[{"start":{"line":26,"column":11},"end":{"line":26,"column":16}},{"start":{"line":26,"column":20},"end":{"line":26,"column":21}},{"start":{"line":26,"column":25},"end":{"line":26,"column":62}}],"line":26},"9":{"loc":{"start":{"line":31,"column":51},"end":{"line":31,"column":77}},"type":"cond-expr","locations":[{"start":{"line":31,"column":67},"end":{"line":31,"column":72}},{"start":{"line":31,"column":75},"end":{"line":31,"column":77}}],"line":31}},"s":{"0":1,"1":1,"2":24,"3":24,"4":24,"5":0,"6":24,"7":24,"8":24,"9":24,"10":24,"11":4,"12":4,"13":4,"14":4,"15":4,"16":4,"17":4,"18":4,"19":4,"20":4,"21":4,"22":4,"23":6,"24":6,"25":6,"26":4,"27":4,"28":4,"29":4,"30":4,"31":2,"32":2,"33":2,"34":6,"35":6,"36":4,"37":0,"38":0,"39":0,"40":0,"41":0,"42":4,"43":4,"44":4,"45":4,"46":4,"47":4,"48":4,"49":4,"50":4,"51":4,"52":1},"f":{"0":24,"1":4,"2":4,"3":4,"4":4,"5":4,"6":6,"7":4,"8":4,"9":2,"10":2,"11":6,"12":6,"13":0,"14":0},"b":{"0":[0,24],"1":[8,16],"2":[0,24],"3":[24,24],"4":[24,0],"5":[24,0],"6":[0,24],"7":[24,0],"8":[24,24,24],"9":[0,4]},"_coverageSchema":"43e27e138ebf9cfc5966b082cf9a028302ed4184","hash":"dd0d4a4c1137a89c6a0bb82cfd8bd15c38572d92","contentHash":"6f0d510ae8a79f6ecef3d8ab821ec4a90dcccc980ea3f81e865375541b955724"}
}
